<?xml version="1.0" encoding="utf-8"?><testsuites name="pytest tests"><testsuite name="pytest" errors="0" failures="0" skipped="0" tests="13" time="2.690" timestamp="2026-02-09T21:53:16.057982+00:00" hostname="agent-env-13af6913-c537-4d11-9a2c-a222c8ed1418"><testcase classname="tests.test_p2_features.TestExportAllData" name="test_export_all_returns_zip" time="0.360" /><testcase classname="tests.test_p2_features.TestExportAllData" name="test_export_all_valid_zip_structure" time="0.039" /><testcase classname="tests.test_p2_features.TestExportAllData" name="test_export_requires_auth" time="0.038" /><testcase classname="tests.test_p2_features.TestTwoFactorAuth" name="test_2fa_status_endpoint" time="0.294" /><testcase classname="tests.test_p2_features.TestTwoFactorAuth" name="test_2fa_enable" time="0.072" /><testcase classname="tests.test_p2_features.TestTwoFactorAuth" name="test_2fa_disable" time="0.118" /><testcase classname="tests.test_p2_features.TestTwoFactorAuth" name="test_2fa_send_code_endpoint" time="0.633" /><testcase classname="tests.test_p2_features.TestTwoFactorAuth" name="test_2fa_verify_invalid_code" time="0.037" /><testcase classname="tests.test_p2_features.TestAdvancedSharingPermissions" name="test_create_share_token_with_permission_level" time="0.328" /><testcase classname="tests.test_p2_features.TestAdvancedSharingPermissions" name="test_create_share_token_read_print" time="0.110" /><testcase classname="tests.test_p2_features.TestAdvancedSharingPermissions" name="test_create_share_token_full_access" time="0.102" /><testcase classname="tests.test_p2_features.TestAdvancedSharingPermissions" name="test_get_share_tokens_includes_permission" time="0.103" /><testcase classname="tests.test_p2_features.TestSharedViewPermissions" name="test_shared_view_read_only" time="0.406" /></testsuite></testsuites>