<?xml version="1.0" encoding="utf-8"?><testsuites name="pytest tests"><testsuite name="pytest" errors="0" failures="1" skipped="0" tests="16" time="1.937" timestamp="2026-02-09T22:16:03.463717+00:00" hostname="agent-env-13af6913-c537-4d11-9a2c-a222c8ed1418"><testcase classname="tests.test_p3_features.TestPagination" name="test_journals_default_pagination" time="0.411" /><testcase classname="tests.test_p3_features.TestPagination" name="test_journals_pagination_with_params" time="0.060" /><testcase classname="tests.test_p3_features.TestPagination" name="test_journals_pagination_page_2" time="0.040" /><testcase classname="tests.test_p3_features.TestPagination" name="test_violations_default_pagination" time="0.041" /><testcase classname="tests.test_p3_features.TestPagination" name="test_violations_pagination_with_params" time="0.042" /><testcase classname="tests.test_p3_features.TestPagination" name="test_violations_filter_with_pagination" time="0.036" /><testcase classname="tests.test_p3_features.TestCSVTemplateDownload" name="test_download_journals_template" time="0.305" /><testcase classname="tests.test_p3_features.TestCSVTemplateDownload" name="test_download_violations_template" time="0.036" /><testcase classname="tests.test_p3_features.TestCSVTemplateDownload" name="test_download_calendar_template" time="0.033" /><testcase classname="tests.test_p3_features.TestCSVTemplateDownload" name="test_download_invalid_template_type" time="0.032" /><testcase classname="tests.test_p3_features.TestCSVImport" name="test_import_journals_csv" time="0.299" /><testcase classname="tests.test_p3_features.TestCSVImport" name="test_import_violations_csv" time="0.039" /><testcase classname="tests.test_p3_features.TestCSVImport" name="test_import_calendar_csv" time="0.038" /><testcase classname="tests.test_p3_features.TestCSVImport" name="test_import_invalid_csv_format" time="0.037" /><testcase classname="tests.test_p3_features.TestDatabaseIndexes" name="test_health_endpoint" time="0.040" /><testcase classname="tests.test_p3_features.TestCleanup" name="test_cleanup_imported_journals" time="0.321"><failure message="assert 520 == 200&#10; +  where 520 = &lt;Response [520]&gt;.status_code">tests/test_p3_features.py:216: in test_cleanup_imported_journals
    assert response.status_code == 200
E   assert 520 == 200
E    +  where 520 = &lt;Response [520]&gt;.status_code</failure></testcase></testsuite></testsuites>