<?xml version="1.0" encoding="utf-8"?><testsuites name="pytest tests"><testsuite name="pytest" errors="0" failures="3" skipped="0" tests="16" time="1.908" timestamp="2026-02-09T22:17:58.511536+00:00" hostname="agent-env-13af6913-c537-4d11-9a2c-a222c8ed1418"><testcase classname="tests.test_p3_features.TestPagination" name="test_journals_default_pagination" time="0.337" /><testcase classname="tests.test_p3_features.TestPagination" name="test_journals_pagination_with_params" time="0.045" /><testcase classname="tests.test_p3_features.TestPagination" name="test_journals_pagination_page_2" time="0.039" /><testcase classname="tests.test_p3_features.TestPagination" name="test_violations_default_pagination" time="0.037"><failure message="assert 520 == 200&#10; +  where 520 = &lt;Response [520]&gt;.status_code">tests/test_p3_features.py:67: in test_violations_default_pagination
    assert response.status_code == 200
E   assert 520 == 200
E    +  where 520 = &lt;Response [520]&gt;.status_code</failure></testcase><testcase classname="tests.test_p3_features.TestPagination" name="test_violations_pagination_with_params" time="0.039"><failure message="assert 520 == 200&#10; +  where 520 = &lt;Response [520]&gt;.status_code">tests/test_p3_features.py:76: in test_violations_pagination_with_params
    assert response.status_code == 200
E   assert 520 == 200
E    +  where 520 = &lt;Response [520]&gt;.status_code</failure></testcase><testcase classname="tests.test_p3_features.TestPagination" name="test_violations_filter_with_pagination" time="0.034"><failure message="assert 520 == 200&#10; +  where 520 = &lt;Response [520]&gt;.status_code">tests/test_p3_features.py:85: in test_violations_filter_with_pagination
    assert response.status_code == 200
E   assert 520 == 200
E    +  where 520 = &lt;Response [520]&gt;.status_code</failure></testcase><testcase classname="tests.test_p3_features.TestCSVTemplateDownload" name="test_download_journals_template" time="0.304" /><testcase classname="tests.test_p3_features.TestCSVTemplateDownload" name="test_download_violations_template" time="0.039" /><testcase classname="tests.test_p3_features.TestCSVTemplateDownload" name="test_download_calendar_template" time="0.041" /><testcase classname="tests.test_p3_features.TestCSVTemplateDownload" name="test_download_invalid_template_type" time="0.035" /><testcase classname="tests.test_p3_features.TestCSVImport" name="test_import_journals_csv" time="0.352" /><testcase classname="tests.test_p3_features.TestCSVImport" name="test_import_violations_csv" time="0.079" /><testcase classname="tests.test_p3_features.TestCSVImport" name="test_import_calendar_csv" time="0.036" /><testcase classname="tests.test_p3_features.TestCSVImport" name="test_import_invalid_csv_format" time="0.036" /><testcase classname="tests.test_p3_features.TestDatabaseIndexes" name="test_health_endpoint" time="0.054" /><testcase classname="tests.test_p3_features.TestCleanup" name="test_cleanup_imported_journals" time="0.319" /></testsuite></testsuites>