<?xml version="1.0" encoding="utf-8"?><testsuites name="pytest tests"><testsuite name="pytest" errors="0" failures="0" skipped="0" tests="19" time="6.623" timestamp="2026-02-09T18:50:15.567722+00:00" hostname="agent-env-92083db7-815d-4070-bd23-ccea10e79de9"><testcase classname="backend.tests.test_calendar_and_crud.TestSetup" name="test_login_success" time="0.336" /><testcase classname="backend.tests.test_calendar_and_crud.TestCalendarEvents" name="test_get_calendar_events" time="0.295" /><testcase classname="backend.tests.test_calendar_and_crud.TestCalendarEvents" name="test_verify_event_types_available" time="0.340" /><testcase classname="backend.tests.test_calendar_and_crud.TestCalendarEvents" name="test_create_event_with_children_selection" time="0.332" /><testcase classname="backend.tests.test_calendar_and_crud.TestCalendarEvents" name="test_create_event_with_medical_type" time="0.336" /><testcase classname="backend.tests.test_calendar_and_crud.TestCalendarEvents" name="test_create_event_with_school_type" time="0.326" /><testcase classname="backend.tests.test_calendar_and_crud.TestCalendarEvents" name="test_edit_calendar_event" time="0.458" /><testcase classname="backend.tests.test_calendar_and_crud.TestCalendarEvents" name="test_edit_existing_event" time="0.330" /><testcase classname="backend.tests.test_calendar_and_crud.TestCalendarEvents" name="test_create_event_with_custom_color" time="0.324" /><testcase classname="backend.tests.test_calendar_and_crud.TestViolationsCRUD" name="test_get_violations" time="0.289" /><testcase classname="backend.tests.test_calendar_and_crud.TestViolationsCRUD" name="test_create_violation" time="0.332" /><testcase classname="backend.tests.test_calendar_and_crud.TestViolationsCRUD" name="test_update_violation" time="0.428" /><testcase classname="backend.tests.test_calendar_and_crud.TestViolationsCRUD" name="test_delete_violation" time="0.363" /><testcase classname="backend.tests.test_calendar_and_crud.TestJournalsCRUD" name="test_get_journals" time="0.294" /><testcase classname="backend.tests.test_calendar_and_crud.TestJournalsCRUD" name="test_create_and_update_journal" time="0.427" /><testcase classname="backend.tests.test_calendar_and_crud.TestContactsCRUD" name="test_get_contacts" time="0.300" /><testcase classname="backend.tests.test_calendar_and_crud.TestContactsCRUD" name="test_create_and_update_contact" time="0.393" /><testcase classname="backend.tests.test_calendar_and_crud.TestChildrenData" name="test_get_children" time="0.286" /><testcase classname="backend.tests.test_calendar_and_crud.TestDashboardStats" name="test_get_dashboard_stats" time="0.301" /></testsuite></testsuites>