<?xml version="1.0" encoding="utf-8"?><testsuites name="pytest tests"><testsuite name="pytest" errors="0" failures="0" skipped="0" tests="19" time="6.469" timestamp="2026-02-09T21:33:41.092428+00:00" hostname="agent-env-13af6913-c537-4d11-9a2c-a222c8ed1418"><testcase classname="test_calendar_and_crud.TestSetup" name="test_login_success" time="0.278" /><testcase classname="test_calendar_and_crud.TestCalendarEvents" name="test_get_calendar_events" time="0.298" /><testcase classname="test_calendar_and_crud.TestCalendarEvents" name="test_verify_event_types_available" time="0.329" /><testcase classname="test_calendar_and_crud.TestCalendarEvents" name="test_create_event_with_children_selection" time="0.336" /><testcase classname="test_calendar_and_crud.TestCalendarEvents" name="test_create_event_with_medical_type" time="0.335" /><testcase classname="test_calendar_and_crud.TestCalendarEvents" name="test_create_event_with_school_type" time="0.365" /><testcase classname="test_calendar_and_crud.TestCalendarEvents" name="test_edit_calendar_event" time="0.402" /><testcase classname="test_calendar_and_crud.TestCalendarEvents" name="test_edit_existing_event" time="0.418" /><testcase classname="test_calendar_and_crud.TestCalendarEvents" name="test_create_event_with_custom_color" time="0.326" /><testcase classname="test_calendar_and_crud.TestViolationsCRUD" name="test_get_violations" time="0.290" /><testcase classname="test_calendar_and_crud.TestViolationsCRUD" name="test_create_violation" time="0.293" /><testcase classname="test_calendar_and_crud.TestViolationsCRUD" name="test_update_violation" time="0.396" /><testcase classname="test_calendar_and_crud.TestViolationsCRUD" name="test_delete_violation" time="0.360" /><testcase classname="test_calendar_and_crud.TestJournalsCRUD" name="test_get_journals" time="0.290" /><testcase classname="test_calendar_and_crud.TestJournalsCRUD" name="test_create_and_update_journal" time="0.421" /><testcase classname="test_calendar_and_crud.TestContactsCRUD" name="test_get_contacts" time="0.289" /><testcase classname="test_calendar_and_crud.TestContactsCRUD" name="test_create_and_update_contact" time="0.405" /><testcase classname="test_calendar_and_crud.TestChildrenData" name="test_get_children" time="0.291" /><testcase classname="test_calendar_and_crud.TestDashboardStats" name="test_get_dashboard_stats" time="0.292" /></testsuite></testsuites>